  TVector4.cpp
  TVector3.cpp
d:\mirage\mirageengine\mirageengine\mirageengine\core\math\tvector3.cpp(108): warning C4244: “*=”: 从“double”转换到“float”，可能丢失数据
d:\mirage\mirageengine\mirageengine\mirageengine\core\math\tvector3.cpp(109): warning C4244: “*=”: 从“double”转换到“float”，可能丢失数据
d:\mirage\mirageengine\mirageengine\mirageengine\core\math\tvector3.cpp(110): warning C4244: “*=”: 从“double”转换到“float”，可能丢失数据
  TVector2.cpp
  TTransform.cpp
  TRotater.cpp
  TQuaternion.cpp
d:\mirage\mirageengine\mirageengine\mirageengine\core\math\tquaternion.cpp(25): warning C4244: “=”: 从“double”转换到“float”，可能丢失数据
d:\mirage\mirageengine\mirageengine\mirageengine\core\math\tquaternion.cpp(26): warning C4244: “=”: 从“double”转换到“float”，可能丢失数据
d:\mirage\mirageengine\mirageengine\mirageengine\core\math\tquaternion.cpp(27): warning C4244: “=”: 从“double”转换到“float”，可能丢失数据
d:\mirage\mirageengine\mirageengine\mirageengine\core\math\tquaternion.cpp(28): warning C4244: “=”: 从“double”转换到“float”，可能丢失数据
  TMatrix.cpp
d:\mirage\mirageengine\mirageengine\mirageengine\core\math\tmath.h(17): warning C4244: “return”: 从“double”转换到“float”，可能丢失数据
d:\mirage\mirageengine\mirageengine\mirageengine\core\math\tmath.h(18): warning C4244: “return”: 从“double”转换到“float”，可能丢失数据
  TMath.cpp
  TColor.cpp
  正在生成代码...
TColor.obj : warning LNK4006: "struct TVector4 __cdecl operator*(float,struct TVector4 const &)" (??D@YA?AUTVector4@@MABU0@@Z) 已在 TVector4.obj 中定义；已忽略第二个定义
TColor.obj : warning LNK4006: "struct TVector4 __cdecl operator/(float,struct TVector4 const &)" (??K@YA?AUTVector4@@MABU0@@Z) 已在 TVector4.obj 中定义；已忽略第二个定义
  MirageEngine.vcxproj -> D:\Mirage\MirageEngine\MirageEngine\Debug\MirageEngine.lib
