d:\mirage\mirageengine\mirageengine\mirageengine\debug\tquaternion.obj
d:\mirage\mirageengine\mirageengine\mirageengine\debug\tmatrix.obj
d:\mirage\mirageengine\mirageengine\mirageengine\debug\tvector3.obj
d:\mirage\mirageengine\mirageengine\mirageengine\debug\ttransform.obj
d:\mirage\mirageengine\mirageengine\mirageengine\debug\tvector4.obj
d:\mirage\mirageengine\mirageengine\mirageengine\debug\tcolor.obj
d:\mirage\mirageengine\mirageengine\mirageengine\debug\tmath.obj
d:\mirage\mirageengine\mirageengine\mirageengine\debug\trotater.obj
d:\mirage\mirageengine\mirageengine\mirageengine\debug\tvector2.obj
d:\mirage\mirageengine\mirageengine\mirageengine\debug\mirageengine.pdb
d:\mirage\mirageengine\mirageengine\debug\mirageengine.lib
d:\mirage\mirageengine\mirageengine\mirageengine\debug\mirageengine.tlog\cl.10080.write.1.tlog
d:\mirage\mirageengine\mirageengine\mirageengine\debug\mirageengine.tlog\cl.10356.delete.1.tlog
d:\mirage\mirageengine\mirageengine\mirageengine\debug\mirageengine.tlog\cl.10436.delete.1.tlog
d:\mirage\mirageengine\mirageengine\mirageengine\debug\mirageengine.tlog\cl.1132.delete.1.tlog
d:\mirage\mirageengine\mirageengine\mirageengine\debug\mirageengine.tlog\cl.4348.delete.1.tlog
d:\mirage\mirageengine\mirageengine\mirageengine\debug\mirageengine.tlog\cl.6136.delete.1.tlog
d:\mirage\mirageengine\mirageengine\mirageengine\debug\mirageengine.tlog\cl.6408.delete.1.tlog
d:\mirage\mirageengine\mirageengine\mirageengine\debug\mirageengine.tlog\cl.6732.delete.1.tlog
d:\mirage\mirageengine\mirageengine\mirageengine\debug\mirageengine.tlog\cl.8996.delete.1.tlog
d:\mirage\mirageengine\mirageengine\mirageengine\debug\mirageengine.tlog\cl.9668.delete.1.tlog
d:\mirage\mirageengine\mirageengine\mirageengine\debug\mirageengine.tlog\cl.command.1.tlog
d:\mirage\mirageengine\mirageengine\mirageengine\debug\mirageengine.tlog\cl.read.1.tlog
d:\mirage\mirageengine\mirageengine\mirageengine\debug\mirageengine.tlog\lib-link.read.1.tlog
d:\mirage\mirageengine\mirageengine\mirageengine\debug\mirageengine.tlog\lib-link.write.1.tlog
d:\mirage\mirageengine\mirageengine\mirageengine\debug\mirageengine.tlog\lib.command.1.tlog
